HTM_Elixir_26/Library/Bee/Android/Prj/IL2CPP/Gradle/launcher/build/intermediates/manifest_merge_blame_file/release/manifest-merger-blame-release-report.txt
1<?xml version="1.0" encoding="utf-8"?>
2<manifest xmlns:android="http://schemas.android.com/apk/res/android"
3    package="com.DefaultCompany.Myproject2"
4    android:installLocation="preferExternal"
5    android:versionCode="1"
6    android:versionName="0.1" >
7
8    <uses-sdk
9        android:minSdkVersion="26"
9-->src\main\AndroidManifest.xml
10        android:targetSdkVersion="30" />
10-->src\main\AndroidManifest.xml
11
12    <supports-screens
12-->src\main\AndroidManifest.xml:3:3-163
13        android:anyDensity="true"
13-->src\main\AndroidManifest.xml:3:135-160
14        android:largeScreens="true"
14-->src\main\AndroidManifest.xml:3:78-105
15        android:normalScreens="true"
15-->src\main\AndroidManifest.xml:3:49-77
16        android:smallScreens="true"
16-->src\main\AndroidManifest.xml:3:21-48
17        android:xlargeScreens="true" />
17-->src\main\AndroidManifest.xml:3:106-134
18
19    <uses-feature android:glEsVersion="0x00030000" />
19-->[:unityLibrary] AndroidManifest.xml:12:5-54
19-->[:unityLibrary] AndroidManifest.xml:12:19-51
20
21    <uses-permission android:name="android.permission.INTERNET" />
21-->[:unityLibrary] AndroidManifest.xml:14:5-67
21-->[:unityLibrary] AndroidManifest.xml:14:22-64
22    <uses-permission android:name="android.permission.CAMERA" />
22-->[:unityLibrary] AndroidManifest.xml:15:5-65
22-->[:unityLibrary] AndroidManifest.xml:15:22-62
23
24    <uses-feature
24-->[:unityLibrary] AndroidManifest.xml:17:5-19:36
25        android:name="android.hardware.camera"
25-->[:unityLibrary] AndroidManifest.xml:18:9-47
26        android:required="true" />
26-->[:unityLibrary] AndroidManifest.xml:19:9-33
27    <uses-feature
27-->[:unityLibrary] AndroidManifest.xml:20:5-22:36
28        android:name="android.hardware.camera.autofocus"
28-->[:unityLibrary] AndroidManifest.xml:21:9-57
29        android:required="false" />
29-->[:unityLibrary] AndroidManifest.xml:22:9-33
30    <uses-feature
30-->[:unityLibrary] AndroidManifest.xml:23:5-25:36
31        android:name="android.hardware.camera.front"
31-->[:unityLibrary] AndroidManifest.xml:24:9-53
32        android:required="false" />
32-->[:unityLibrary] AndroidManifest.xml:25:9-33
33    <uses-feature
33-->[:unityLibrary] AndroidManifest.xml:26:5-28:36
34        android:name="android.hardware.touchscreen"
34-->[:unityLibrary] AndroidManifest.xml:27:9-52
35        android:required="false" />
35-->[:unityLibrary] AndroidManifest.xml:28:9-33
36    <uses-feature
36-->[:unityLibrary] AndroidManifest.xml:29:5-31:36
37        android:name="android.hardware.touchscreen.multitouch"
37-->[:unityLibrary] AndroidManifest.xml:30:9-63
38        android:required="false" />
38-->[:unityLibrary] AndroidManifest.xml:31:9-33
39    <uses-feature
39-->[:unityLibrary] AndroidManifest.xml:32:5-34:36
40        android:name="android.hardware.touchscreen.multitouch.distinct"
40-->[:unityLibrary] AndroidManifest.xml:33:9-72
41        android:required="false" />
41-->[:unityLibrary] AndroidManifest.xml:34:9-33
42    <uses-feature
42-->[:unityLibrary] AndroidManifest.xml:35:5-37:35
43        android:name="android.hardware.camera.ar"
43-->[:unityLibrary] AndroidManifest.xml:36:9-50
44        android:required="true" />
44-->[:unityLibrary] AndroidManifest.xml:37:9-32
45    <uses-feature
45-->[:unityLibrary] AndroidManifest.xml:38:5-40:35
46        android:name="com.google.ar.core.depth"
46-->[:unityLibrary] AndroidManifest.xml:39:9-48
47        android:required="true" />
47-->[:unityLibrary] AndroidManifest.xml:40:9-32
48
49    <queries>
49-->[:arcore_client:] AndroidManifest.xml:29:5-31:15
50        <package android:name="com.google.ar.core" />
50-->[:arcore_client:] AndroidManifest.xml:30:9-54
50-->[:arcore_client:] AndroidManifest.xml:30:18-51
51    </queries>
52    <!--
53        Required by Vuforia: Add this permission to access IMU sensors at high rate
54        for device tracker functionality on Android 12+.
55    -->
56    <uses-permission android:name="android.permission.HIGH_SAMPLING_RATE_SENSORS" /> <!-- Required by Vuforia: Add this permission to allow checking of network. -->
56-->[:VuforiaEngine:] AndroidManifest.xml:16:5-85
56-->[:VuforiaEngine:] AndroidManifest.xml:16:22-82
57    <uses-permission android:name="android.permission.ACCESS_NETWORK_STATE" />
57-->[:VuforiaEngine:] AndroidManifest.xml:19:5-79
57-->[:VuforiaEngine:] AndroidManifest.xml:19:22-76
58
59    <application
59-->src\main\AndroidManifest.xml:4:3-83
60        android:extractNativeLibs="true"
60-->[:unityLibrary] AndroidManifest.xml:42:18-50
61        android:icon="@mipmap/app_icon"
61-->src\main\AndroidManifest.xml:4:49-80
62        android:label="@string/app_name" >
62-->src\main\AndroidManifest.xml:4:16-48
63        <activity
63-->[:unityLibrary] AndroidManifest.xml:43:9-63:20
64            android:name="com.unity3d.player.UnityPlayerActivity"
64-->[:unityLibrary] AndroidManifest.xml:44:13-66
65            android:configChanges="mcc|mnc|locale|touchscreen|keyboard|keyboardHidden|navigation|orientation|screenLayout|uiMode|screenSize|smallestScreenSize|fontScale|layoutDirection|density"
65-->[:unityLibrary] AndroidManifest.xml:45:13-194
66            android:hardwareAccelerated="false"
66-->[:unityLibrary] AndroidManifest.xml:46:13-48
67            android:launchMode="singleTask"
67-->[:unityLibrary] AndroidManifest.xml:47:13-44
68            android:resizeableActivity="false"
68-->[:unityLibrary] AndroidManifest.xml:48:13-47
69            android:screenOrientation="userLandscape"
69-->[:unityLibrary] AndroidManifest.xml:49:13-54
70            android:theme="@style/UnityThemeSelector" >
70-->[:unityLibrary] AndroidManifest.xml:50:13-54
71            <intent-filter>
71-->[:unityLibrary] AndroidManifest.xml:51:13-55:29
72                <action android:name="android.intent.action.MAIN" />
72-->[:unityLibrary] AndroidManifest.xml:52:17-69
72-->[:unityLibrary] AndroidManifest.xml:52:25-66
73
74                <category android:name="android.intent.category.LAUNCHER" />
74-->[:unityLibrary] AndroidManifest.xml:54:17-77
74-->[:unityLibrary] AndroidManifest.xml:54:27-74
75            </intent-filter>
76
77            <meta-data
77-->[:unityLibrary] AndroidManifest.xml:57:13-59:40
78                android:name="unityplayer.UnityActivity"
78-->[:unityLibrary] AndroidManifest.xml:58:17-57
79                android:value="true" />
79-->[:unityLibrary] AndroidManifest.xml:59:17-37
80            <meta-data
80-->[:unityLibrary] AndroidManifest.xml:60:13-62:40
81                android:name="android.notch_support"
81-->[:unityLibrary] AndroidManifest.xml:61:17-53
82                android:value="true" />
82-->[:unityLibrary] AndroidManifest.xml:62:17-37
83        </activity>
84
85        <meta-data
85-->[:unityLibrary] AndroidManifest.xml:65:9-67:33
86            android:name="unity.splash-mode"
86-->[:unityLibrary] AndroidManifest.xml:66:13-45
87            android:value="0" />
87-->[:unityLibrary] AndroidManifest.xml:67:13-30
88        <meta-data
88-->[:unityLibrary] AndroidManifest.xml:68:9-70:36
89            android:name="unity.splash-enable"
89-->[:unityLibrary] AndroidManifest.xml:69:13-47
90            android:value="True" />
90-->[:unityLibrary] AndroidManifest.xml:70:13-33
91        <meta-data
91-->[:unityLibrary] AndroidManifest.xml:71:9-73:36
92            android:name="unity.launch-fullscreen"
92-->[:unityLibrary] AndroidManifest.xml:72:13-51
93            android:value="True" />
93-->[:unityLibrary] AndroidManifest.xml:73:13-33
94        <meta-data
94-->[:unityLibrary] AndroidManifest.xml:74:9-76:37
95            android:name="unity.allow-resizable-window"
95-->[:unityLibrary] AndroidManifest.xml:75:13-56
96            android:value="False" />
96-->[:unityLibrary] AndroidManifest.xml:76:13-34
97        <meta-data
97-->[:unityLibrary] AndroidManifest.xml:77:9-79:50
98            android:name="notch.config"
98-->[:unityLibrary] AndroidManifest.xml:78:13-40
99            android:value="portrait|landscape" />
99-->[:unityLibrary] AndroidManifest.xml:79:13-47
100        <meta-data
100-->[:unityLibrary] AndroidManifest.xml:80:9-82:36
101            android:name="unity.auto-report-fully-drawn"
101-->[:unityLibrary] AndroidManifest.xml:81:13-57
102            android:value="true" />
102-->[:unityLibrary] AndroidManifest.xml:82:13-33
103        <meta-data
103-->[:unityLibrary] AndroidManifest.xml:83:9-85:36
104            android:name="unityplayer.SkipPermissionsDialog"
104-->[:unityLibrary] AndroidManifest.xml:84:13-61
105            android:value="true" />
105-->[:unityLibrary] AndroidManifest.xml:85:13-33
106        <meta-data
106-->[:unityLibrary] AndroidManifest.xml:86:9-88:40
107            android:name="com.google.ar.core"
107-->[:unityLibrary] AndroidManifest.xml:87:13-46
108            android:value="optional" /> <!-- The minimal version code of ARCore APK required for an app using this SDK. -->
108-->[:unityLibrary] AndroidManifest.xml:88:13-37
109        <meta-data
109-->[:arcore_client:] AndroidManifest.xml:36:9-38:41
110            android:name="com.google.ar.core.min_apk_version"
110-->[:arcore_client:] AndroidManifest.xml:37:13-62
111            android:value="210910000" /> <!-- This activity is critical for installing ARCore when it is not already present. -->
111-->[:arcore_client:] AndroidManifest.xml:38:13-38
112        <activity
112-->[:arcore_client:] AndroidManifest.xml:40:9-46:80
113            android:name="com.google.ar.core.InstallActivity"
113-->[:arcore_client:] AndroidManifest.xml:41:13-62
114            android:configChanges="keyboardHidden|orientation|screenSize"
114-->[:arcore_client:] AndroidManifest.xml:42:13-74
115            android:excludeFromRecents="true"
115-->[:arcore_client:] AndroidManifest.xml:43:13-46
116            android:exported="false"
116-->[:arcore_client:] AndroidManifest.xml:44:13-37
117            android:launchMode="singleTop"
117-->[:arcore_client:] AndroidManifest.xml:45:13-43
118            android:theme="@android:style/Theme.Material.Light.Dialog.Alert" />
118-->[:arcore_client:] AndroidManifest.xml:46:13-77
119
120        <provider
120-->[:VuforiaEngine:] AndroidManifest.xml:25:9-33:20
121            android:name="com.vuforia.engine.app.VuforiaContentProvider"
121-->[:VuforiaEngine:] AndroidManifest.xml:26:13-73
122            android:authorities="com.DefaultCompany.Myproject2.vuforia.share"
122-->[:VuforiaEngine:] AndroidManifest.xml:27:13-65
123            android:exported="false"
123-->[:VuforiaEngine:] AndroidManifest.xml:28:13-37
124            android:grantUriPermissions="true" >
124-->[:VuforiaEngine:] AndroidManifest.xml:29:13-47
125            <meta-data
125-->[:VuforiaEngine:] AndroidManifest.xml:30:13-32:53
126                android:name="android.support.FILE_PROVIDER_PATHS"
126-->[:VuforiaEngine:] AndroidManifest.xml:31:17-67
127                android:resource="@xml/filepaths" />
127-->[:VuforiaEngine:] AndroidManifest.xml:32:17-50
128        </provider>
129    </application>
130
131</manifest>